<?xml version="1.0" encoding="UTF-8"?>
<!-- Generated by org.testng.reporters.JUnitXMLReporter -->
<testsuite hostname="Abdou-PC" ignored="0" name="Test" tests="4" failures="1" timestamp="07 févr. 2021 20:07:49 GMT" time="40.886" errors="0">
  <testcase name="test1" time="3.049" classname="test.Test1">
    <failure type="java.lang.AssertionError" message="the title contains not Test0 expected [true] but found [false]">
      <![CDATA[java.lang.AssertionError: the title contains not Test0 expected [true] but found [false]
at test.Test1.test1(Test1.java:17)
... Removed 28 stack frames]]>
    </failure>
  </testcase> <!-- test1 -->
  <testcase name="test2" time="3.22" classname="test.Test1"/>
  <testcase name="test3" time="3.781" classname="test.Test1">
    <skipped/>
  </testcase> <!-- test3 -->
  <testcase name="test4" time="4.606" classname="test.Test1"/>
</testsuite> <!-- Test -->
